<?xml version="1.0" encoding="UTF-8"?>
<testsuite name="com.learnkafkastreams.domain.OrderTest" tests="3" skipped="0" failures="0" errors="0" timestamp="2024-04-30T13:44:36" hostname="Yogeshs-MacBook-Air.local" time="0.172">
  <properties/>
  <testcase name="orderRecordDomainTest()" classname="com.learnkafkastreams.domain.OrderTest" time="0.126"/>
  <testcase name="orderDomainRestaurantTest()" classname="com.learnkafkastreams.domain.OrderTest" time="0.022"/>
  <testcase name="orderDomainTest()" classname="com.learnkafkastreams.domain.OrderTest" time="0.019"/>
  <system-out><![CDATA[orderJSON :{"orderId":12345,"locationId":"store_1234","finalAmount":27.00,"orderType":"GENERAL","orderLineItems":[{"item":"Bananas","count":2,"amount":2.00},{"item":"Iphone Charger","count":1,"amount":25.00}],"orderedDateTime":"2022-12-05T08:55:27"}
orderJSON :{"orderId":12345,"locationId":"store_1234","finalAmount":15.00,"orderType":"RESTAURANT","orderLineItems":[{"item":"Pizza","count":2,"amount":12.00},{"item":"Coffee","count":1,"amount":3.00}],"orderedDateTime":"2022-12-05T08:55:27"}
orderJSON :{"orderId":12345,"locationId":"store_1234","finalAmount":27.00,"orderType":"GENERAL","orderLineItems":[{"item":"Bananas","count":2,"amount":2.00},{"item":"Iphone Charger","count":1,"amount":25.00}],"orderedDateTime":"2022-12-05T08:55:27"}
]]></system-out>
  <system-err><![CDATA[]]></system-err>
</testsuite>
